<?xml version="1.0" encoding="UTF-8"?>
<!-- Generated by org.testng.reporters.JUnitXMLReporter -->
<testsuite ignored="0" hostname="SeenaReddy" failures="0" tests="21" name="MyTestResults" time="156.184" errors="0" timestamp="2023-05-02T19:53:05 CDT">
  <testcase classname="testScenarios.AlertHandleDemo" name="f" time="19.298"/>
  <testcase classname="testScenarios.Assignment5" name="f" time="25.232"/>
  <testcase classname="testScenarios.CloseVsQuit" name="f" time="11.921"/>
  <testcase classname="testScenarios.DropdownDemo" name="f" time="6.875"/>
  <testcase classname="testScenarios.FB_login" name="f" time="2.224"/>
  <testcase classname="testScenarios.GetText_Demo" name="tc_01_clg" time="12.707"/>
  <testcase classname="testScenarios.GetText_Demo" name="tc_02_fb" time="1.479"/>
  <testcase classname="testScenarios.GoogleHyperLink" name="f" time="4.943"/>
  <testcase classname="testScenarios.HyperLinksHandle" name="f" time="8.736"/>
  <testcase classname="testScenarios.JRI_login" name="f" time="9.858"/>
  <testcase classname="testScenarios.NavigationalMethods" name="f" time="17.025"/>
  <testcase classname="testScenarios.NewTestDemo" name="sonia1" time="0.0"/>
  <testcase classname="testScenarios.NewTestDemo" name="sonia4" time="0.001"/>
  <testcase classname="testScenarios.NewTestDemo" name="sonia5" time="0.002"/>
  <testcase classname="testScenarios.NewTestDemo" name="sonia2" time="0.001"/>
  <testcase classname="testScenarios.NewTestDemo" name="sonia3" time="0.001"/>
  <testcase classname="testScenarios.OrangeHRM" name="f" time="11.338"/>
  <testcase classname="testScenarios.PHPtravels" name="f" time="12.135"/>
  <testcase classname="testScenarios.TestDemo" name="f" time="0.0"/>
  <testcase classname="testScenarios.TestJavaClass" name="fbLogin" time="1.656"/>
  <testcase classname="testScenarios.ValidationCommandDemo" name="tc03" time="10.681"/>
</testsuite> <!-- MyTestResults -->
