<?xml version="1.0" encoding="UTF-8"?>
<!-- Generated by org.testng.reporters.JUnitXMLReporter -->
<testsuite ignored="0" hostname="SeenaReddy" failures="0" tests="10" name="MyTestResults" time="57.398" errors="0" timestamp="2023-05-17T20:01:30 CDT">
  <testcase classname="testScenarios.NavigationalMethods" name="f" time="17.913"/>
  <testcase classname="testScenarios.ValidationCommandDemo" name="tc03" time="10.792"/>
  <testcase classname="testScenarios.NewTestDemo" name="sonia1" time="0.001"/>
  <testcase classname="testScenarios.NewTestDemo" name="sonia4" time="0.001"/>
  <testcase classname="testScenarios.NewTestDemo" name="sonia5" time="0.001"/>
  <testcase classname="testScenarios.NewTestDemo" name="sonia2" time="0.001"/>
  <testcase classname="testScenarios.NewTestDemo" name="sonia3" time="0.001"/>
  <testcase classname="testScenarios.FB_login" name="f" time="2.206"/>
  <testcase classname="testScenarios.PHPtravels" name="f" time="12.602"/>
  <testcase classname="testScenarios.OrangeHRM" name="f" time="13.825"/>
</testsuite> <!-- MyTestResults -->
