<?xml version="1.0" encoding="UTF-8"?>
<testng-results ignored="0" total="1" passed="1" failed="0" skipped="0">
  <reporter-output>
  </reporter-output>
  <suite started-at="2023-04-28T20:13:16 CDT" name="Default suite" finished-at="2023-04-28T20:14:12 CDT" duration-ms="55415">
    <groups>
    </groups>
    <test started-at="2023-04-28T20:13:16 CDT" name="Default test" finished-at="2023-04-28T20:14:12 CDT" duration-ms="55415">
      <class name="testScenarios.AlertHandleDemo">
        <test-method signature="f()[pri:0, instance:testScenarios.AlertHandleDemo@957e06]" started-at="2023-04-28T20:13:16 CDT" name="f" finished-at="2023-04-28T20:14:12 CDT" duration-ms="55385" status="PASS">
          <reporter-output>
          </reporter-output>
        </test-method> <!-- f -->
      </class> <!-- testScenarios.AlertHandleDemo -->
    </test> <!-- Default test -->
  </suite> <!-- Default suite -->
</testng-results>
