<?xml version="1.0" encoding="UTF-8"?>
<testng-results ignored="0" total="3" passed="3" failed="0" skipped="0">
  <reporter-output>
  </reporter-output>
  <suite started-at="2023-05-02T20:11:38 CDT" name="CBT_Suite" finished-at="2023-05-02T20:12:06 CDT" duration-ms="27894">
    <groups>
    </groups>
    <test started-at="2023-05-02T20:11:38 CDT" name="ChromeTest" finished-at="2023-05-02T20:11:46 CDT" duration-ms="7682">
      <class name="testScenarios.CrossBrowserTesting_DropdownDemo">
        <test-method is-config="true" signature="browserLaunch(java.lang.String)[pri:0, instance:testScenarios.CrossBrowserTesting_DropdownDemo@52719fb6]" started-at="2023-05-02T20:11:38 CDT" name="browserLaunch" finished-at="2023-05-02T20:11:40 CDT" duration-ms="1793" status="PASS">
          <params>
            <param index="0">
              <value>
                <![CDATA[Chrome]]>
              </value>
            </param>
          </params>
          <reporter-output>
          </reporter-output>
        </test-method> <!-- browserLaunch -->
        <test-method signature="f()[pri:0, instance:testScenarios.CrossBrowserTesting_DropdownDemo@52719fb6]" started-at="2023-05-02T20:11:40 CDT" name="f" finished-at="2023-05-02T20:11:46 CDT" duration-ms="5855" status="PASS">
          <reporter-output>
          </reporter-output>
        </test-method> <!-- f -->
      </class> <!-- testScenarios.CrossBrowserTesting_DropdownDemo -->
    </test> <!-- ChromeTest -->
    <test started-at="2023-05-02T20:11:46 CDT" name="firefoxTest" finished-at="2023-05-02T20:11:57 CDT" duration-ms="11081">
      <class name="testScenarios.CrossBrowserTesting_DropdownDemo">
        <test-method is-config="true" signature="browserLaunch(java.lang.String)[pri:0, instance:testScenarios.CrossBrowserTesting_DropdownDemo@15bb5034]" started-at="2023-05-02T20:11:46 CDT" name="browserLaunch" finished-at="2023-05-02T20:11:49 CDT" duration-ms="3322" status="PASS">
          <params>
            <param index="0">
              <value>
                <![CDATA[firefox]]>
              </value>
            </param>
          </params>
          <reporter-output>
          </reporter-output>
        </test-method> <!-- browserLaunch -->
        <test-method signature="f()[pri:0, instance:testScenarios.CrossBrowserTesting_DropdownDemo@15bb5034]" started-at="2023-05-02T20:11:49 CDT" name="f" finished-at="2023-05-02T20:11:57 CDT" duration-ms="7756" status="PASS">
          <reporter-output>
          </reporter-output>
        </test-method> <!-- f -->
      </class> <!-- testScenarios.CrossBrowserTesting_DropdownDemo -->
    </test> <!-- firefoxTest -->
    <test started-at="2023-05-02T20:11:57 CDT" name="EdgeTest" finished-at="2023-05-02T20:12:06 CDT" duration-ms="9083">
      <class name="testScenarios.CrossBrowserTesting_DropdownDemo">
        <test-method is-config="true" signature="browserLaunch(java.lang.String)[pri:0, instance:testScenarios.CrossBrowserTesting_DropdownDemo@8f2ef19]" started-at="2023-05-02T20:11:57 CDT" name="browserLaunch" finished-at="2023-05-02T20:12:00 CDT" duration-ms="2853" status="PASS">
          <params>
            <param index="0">
              <value>
                <![CDATA[Edge]]>
              </value>
            </param>
          </params>
          <reporter-output>
          </reporter-output>
        </test-method> <!-- browserLaunch -->
        <test-method signature="f()[pri:0, instance:testScenarios.CrossBrowserTesting_DropdownDemo@8f2ef19]" started-at="2023-05-02T20:12:00 CDT" name="f" finished-at="2023-05-02T20:12:06 CDT" duration-ms="6226" status="PASS">
          <reporter-output>
          </reporter-output>
        </test-method> <!-- f -->
      </class> <!-- testScenarios.CrossBrowserTesting_DropdownDemo -->
    </test> <!-- EdgeTest -->
  </suite> <!-- CBT_Suite -->
</testng-results>
